<?xml version="1.0" encoding="UTF-8"?>
<testsuite xmlns:xsi="http://www.w3.org/2001/XMLSchema-instance" xsi:noNamespaceSchemaLocation="https://maven.apache.org/surefire/maven-surefire-plugin/xsd/surefire-test-report.xsd" name="ru.nsu.vki.intershop.manager.CustomerManagerTest" time="0.313" tests="19" errors="0" skipped="0" failures="0">
  <properties>
[...]
</properties>
  <testcase name="testCreateCustomerWithWrongLastName" classname="ru.nsu.vki.intershop.manager.CustomerManagerTest" time="0.231"/>
  <testcase name="TestPasswordValidationCheck" classname="ru.nsu.vki.intershop.manager.CustomerManagerTest" time="0.001"/>
  <testcase name="testCreateCustomerWithPasswordWithoutLowerCaseLetters" classname="ru.nsu.vki.intershop.manager.CustomerManagerTest" time="0.002"/>
  <testcase name="testCreateCustomerWithWrongLogin" classname="ru.nsu.vki.intershop.manager.CustomerManagerTest" time="0.002"/>
  <testcase name="testCreateCustomerWithPasswordWithoutUpperCaseLetters" classname="ru.nsu.vki.intershop.manager.CustomerManagerTest" time="0.003"/>
  <testcase name="testCreateCustomerWithPasswordContainsWhitespace" classname="ru.nsu.vki.intershop.manager.CustomerManagerTest" time="0.002"/>
  <testcase name="TestLoginValidationCheck" classname="ru.nsu.vki.intershop.manager.CustomerManagerTest" time="0.001"/>
  <testcase name="testCreateCustomerWithPasswordContainsLogin" classname="ru.nsu.vki.intershop.manager.CustomerManagerTest" time="0.001"/>
  <testcase name="CreateUserWithoutFirstName" classname="ru.nsu.vki.intershop.manager.CustomerManagerTest" time="0.001"/>
  <testcase name="testCreateCustomerWithPasswordContainsLastName" classname="ru.nsu.vki.intershop.manager.CustomerManagerTest" time="0.002"/>
  <testcase name="CreateUserWithoutPassword" classname="ru.nsu.vki.intershop.manager.CustomerManagerTest" time="0.002"/>
  <testcase name="testCreateCustomerWithPasswordContainsFirstName" classname="ru.nsu.vki.intershop.manager.CustomerManagerTest" time="0.002"/>
  <testcase name="TestLastNameValidationСheck" classname="ru.nsu.vki.intershop.manager.CustomerManagerTest" time="0.002"/>
  <testcase name="testCreateCustomerWithPasswordWithoutSpecialCharacters" classname="ru.nsu.vki.intershop.manager.CustomerManagerTest" time="0.005"/>
  <testcase name="CreateUserWithoutLogin" classname="ru.nsu.vki.intershop.manager.CustomerManagerTest" time="0.002"/>
  <testcase name="testCreateCustomerWithPasswordWithoutNumbers" classname="ru.nsu.vki.intershop.manager.CustomerManagerTest" time="0.002"/>
  <testcase name="testCreateCustomerWithWrongFirstName" classname="ru.nsu.vki.intershop.manager.CustomerManagerTest" time="0.002"/>
  <testcase name="CreateUserWithoutLastName" classname="ru.nsu.vki.intershop.manager.CustomerManagerTest" time="0.002"/>
  <testcase name="TestNameValidationСheck" classname="ru.nsu.vki.intershop.manager.CustomerManagerTest" time="0.002"/>
</testsuite>